{"level":"info","message":"Starting contract verification process","timestamp":"2024-10-26T15:51:41.735Z"}
{"level":"info","message":"Cache file not found. Starting with empty cache.","timestamp":"2024-10-26T15:51:42.039Z"}
{"level":"info","message":"Starting contract processing from:","timestamp":"2024-10-26T15:51:42.040Z"}
{"level":"info","message":"processing specific folder: 00","timestamp":"2024-10-26T15:51:42.043Z"}
{"level":"warn","message":"Invalid contract found: 000000000037d42ab4e2226ce6f44c5dc0cf5b16_vaultswapper","timestamp":"2024-10-26T15:51:43.968Z"}
{"level":"warn","message":"Invalid contract found: 0006157838d5a6b33ab66588a6a693a57c869999_iconomiblackhole","timestamp":"2024-10-26T15:51:43.989Z"}
{"level":"warn","message":"Invalid contract found: 0007240ff3c377fc324e581eedce86dd4dc40917_tripodmath","timestamp":"2024-10-26T15:51:43.993Z"}
{"level":"warn","message":"Invalid contract found: 001fbf99b635bbce9181c6e5c3e2eee0efafc560_distributeeth","timestamp":"2024-10-26T15:51:44.006Z"}
{"level":"warn","message":"Invalid contract found: 003c54517d56c0176c1d7ce116162a3448a9670a_library","timestamp":"2024-10-26T15:51:44.019Z"}
{"level":"warn","message":"Invalid contract found: 006699d34aa3013605d468d2755a2fe59a16b12b_ierc20","timestamp":"2024-10-26T15:51:44.042Z"}
{"level":"warn","message":"Invalid contract found: 00712a531e207ad77e42586fb81e9fb8f68f0a7d_issuer","timestamp":"2024-10-26T15:51:44.053Z"}
{"level":"warn","message":"Invalid contract found: 007da60ea2a53c09f5cdb1b5339d8cebe4409744_fuetoken","timestamp":"2024-10-26T15:51:44.060Z"}
{"level":"warn","message":"Invalid contract found: 008b7011ad990b6962ced77bfed2b6f678979209_ninnintoken","timestamp":"2024-10-26T15:51:44.066Z"}
{"level":"warn","message":"Invalid contract found: 00918a505c9dc5e20d0ca4302f4ec1e3e3cbd98f_smsvg","timestamp":"2024-10-26T15:51:44.070Z"}
{"level":"warn","message":"Invalid contract found: 0091e27b9ef50427ad431be70dc441f9f6639d78_coe","timestamp":"2024-10-26T15:51:44.071Z"}
{"level":"warn","message":"Invalid contract found: 00c83aecc790e8a4453e5dd3b0b4b3680501a7a7_bokkypoobahsdatetimelibrary","timestamp":"2024-10-26T15:51:44.115Z"}
{"level":"warn","message":"Invalid contract found: 00c83aecc790e8a4453e5dd3b0b4b3680501a7a7_idelegatabletoken","timestamp":"2024-10-26T15:51:44.116Z"}
{"level":"warn","message":"Invalid contract found: 00c83aecc790e8a4453e5dd3b0b4b3680501a7a7_mathutils","timestamp":"2024-10-26T15:51:44.118Z"}
{"level":"warn","message":"Invalid contract found: 00c83aecc790e8a4453e5dd3b0b4b3680501a7a7_ocecdsa","timestamp":"2024-10-26T15:51:44.118Z"}
{"level":"warn","message":"Invalid contract found: 00c83aecc790e8a4453e5dd3b0b4b3680501a7a7_fractionutils","timestamp":"2024-10-26T15:51:44.119Z"}
{"level":"warn","message":"Invalid contract found: 00c83aecc790e8a4453e5dd3b0b4b3680501a7a7_ocierc20","timestamp":"2024-10-26T15:51:44.120Z"}
{"level":"warn","message":"Invalid contract found: 00c83aecc790e8a4453e5dd3b0b4b3680501a7a7_ocsafecast","timestamp":"2024-10-26T15:51:44.121Z"}
{"level":"warn","message":"Invalid contract found: 00c83aecc790e8a4453e5dd3b0b4b3680501a7a7_partialdifferences","timestamp":"2024-10-26T15:51:44.144Z"}
{"level":"warn","message":"Invalid contract found: 00c83aecc790e8a4453e5dd3b0b4b3680501a7a7_stringutils","timestamp":"2024-10-26T15:51:44.144Z"}
{"level":"warn","message":"Invalid contract found: 00d39ceeced93c6f8908f83535fb4f9048320b0f_tokenvault","timestamp":"2024-10-26T15:51:44.149Z"}
{"level":"warn","message":"Invalid contract found: 00e632a902f2ce3a40174a0d08dee887bf7c321d_w3_quiz","timestamp":"2024-10-26T15:51:44.157Z"}
{"level":"warn","message":"Invalid contract found: 00fec8b7ee9c14424f71b30dac7c1cfe054b6771_iterablemapping","timestamp":"2024-10-26T15:51:44.161Z"}
{"level":"warn","message":"Invalid contract found: 00fe6a248349b7dc63f632cff30d9202d2389647_iterablemapping","timestamp":"2024-10-26T15:51:44.161Z"}
